{"/Users/mozartdiniz/Documents/reference-project/packages/ui-kit/src/components/Button/Button.style.ts": {"path":"/Users/mozartdiniz/Documents/reference-project/packages/ui-kit/src/components/Button/Button.style.ts","statementMap":{"0":{"start":{"line":1,"column":0},"end":{"line":1,"column":39}},"1":{"start":{"line":3,"column":13},"end":{"line":7,"column":2}}},"fnMap":{},"branchMap":{"0":{"loc":{"start":{"line":3,"column":41},"end":{"line":3,"column":null}},"type":"binary-expr","locations":[{"start":{"line":3,"column":41},"end":{"line":3,"column":null}},{"start":{"line":3,"column":41},"end":{"line":7,"column":2}}]}},"s":{"0":1,"1":1},"f":{},"b":{"0":[1,1]}}
,"/Users/mozartdiniz/Documents/reference-project/packages/ui-kit/src/components/Button/Button.tsx": {"path":"/Users/mozartdiniz/Documents/reference-project/packages/ui-kit/src/components/Button/Button.tsx","statementMap":{"0":{"start":{"line":1,"column":0},"end":{"line":1,"column":34}},"1":{"start":{"line":2,"column":0},"end":{"line":2,"column":46}},"2":{"start":{"line":9,"column":13},"end":{"line":11,"column":2}},"3":{"start":{"line":9,"column":42},"end":{"line":9,"column":47}},"4":{"start":{"line":9,"column":49},"end":{"line":9,"column":55}},"5":{"start":{"line":9,"column":62},"end":{"line":11,"column":2}}},"fnMap":{"0":{"name":"(anonymous_1)","decl":{"start":{"line":9,"column":39},"end":{"line":9,"column":40}},"loc":{"start":{"line":9,"column":57},"end":{"line":9,"column":null}}}},"branchMap":{},"s":{"0":1,"1":1,"2":1,"3":2,"4":2,"5":2},"f":{"0":2},"b":{}}
}
