{"/Users/mozartdiniz/Documents/reference-project/packages/ui-kit/src/components/Button/Button.tsx": {"path":"/Users/mozartdiniz/Documents/reference-project/packages/ui-kit/src/components/Button/Button.tsx","statementMap":{"0":{"start":{"line":1,"column":0},"end":{"line":1,"column":34}},"1":{"start":{"line":8,"column":13},"end":{"line":10,"column":2}},"2":{"start":{"line":8,"column":42},"end":{"line":8,"column":47}},"3":{"start":{"line":8,"column":49},"end":{"line":8,"column":55}},"4":{"start":{"line":8,"column":62},"end":{"line":10,"column":2}}},"fnMap":{"0":{"name":"(anonymous_1)","decl":{"start":{"line":8,"column":39},"end":{"line":8,"column":40}},"loc":{"start":{"line":8,"column":57},"end":{"line":8,"column":null}}}},"branchMap":{},"s":{"0":1,"1":1,"2":1,"3":1,"4":1},"f":{"0":1},"b":{}}
}
